<?xml version="1.0" encoding="UTF-8"?>
<!-- Generated by org.testng.reporters.JUnitXMLReporter -->
<testsuite ignored="0" hostname="DESKTOP-IQA6L6F" failures="0" tests="4" name="Default test" time="7.448" errors="0" timestamp="2022-02-22T14:00:21 EST">
  <testcase classname="com.lmsApi.testCases.TC005_DeleteRequestLMS" name="delete_record" time="2.503"/>
  <testcase classname="com.lmsApi.testCases.TC005_DeleteRequestLMS" name="delete_record" time="0.77"/>
  <testcase classname="com.lmsApi.testCases.TC005_DeleteRequestLMS" name="delete_record" time="0.709"/>
  <testcase classname="com.lmsApi.testCases.TC005_DeleteRequestLMS" name="delete_record" time="0.758"/>
</testsuite> <!-- Default test -->
