<?xml version="1.0" encoding="UTF-8"?>
<!-- Generated by org.testng.reporters.JUnitXMLReporter -->
<testsuite ignored="0" hostname="DESKTOP-IQA6L6F" failures="0" tests="38" name="Test" time="94.518" errors="0" timestamp="2022-02-22T15:15:14 EST">
  <testcase classname="com.lmsApi.testCases.TC001_LoginValidations" name="defaultAuthorization" time="33.817"/>
  <testcase classname="com.lmsApi.testCases.TC001_LoginValidations" name="basic_authorization" time="3.311"/>
  <testcase classname="com.lmsApi.testCases.TC001_LoginValidations" name="basic_authorization" time="0.454"/>
  <testcase classname="com.lmsApi.testCases.TC001_LoginValidations" name="basic_authorization" time="0.312"/>
  <testcase classname="com.lmsApi.testCases.TC001_LoginValidations" name="basic_authorization" time="0.309"/>
  <testcase classname="com.lmsApi.testCases.TC001_LoginValidations" name="InvalidURL" time="0.73"/>
  <testcase classname="com.lmsApi.testCases.TC002_GetRequestLMS" name="get_AllPrograms" time="1.642"/>
  <testcase classname="com.lmsApi.testCases.TC002_GetRequestLMS" name="get_ProgramID" time="8.561"/>
  <testcase classname="com.lmsApi.testCases.TC002_GetRequestLMS" name="get_ProgramID" time="3.889"/>
  <testcase classname="com.lmsApi.testCases.TC002_GetRequestLMS" name="get_ProgramID" time="0.456"/>
  <testcase classname="com.lmsApi.testCases.TC002_GetRequestLMS" name="get_ProgramID" time="4.532"/>
  <testcase classname="com.lmsApi.testCases.TC003_PostRequestLMS" name="post_record" time="2.104"/>
  <testcase classname="com.lmsApi.testCases.TC003_PostRequestLMS" name="post_record" time="0.661"/>
  <testcase classname="com.lmsApi.testCases.TC003_PostRequestLMS" name="post_record" time="0.404"/>
  <testcase classname="com.lmsApi.testCases.TC003_PostRequestLMS" name="post_record" time="0.435"/>
  <testcase classname="com.lmsApi.testCases.TC003_PostRequestLMS" name="post_record" time="0.537"/>
  <testcase classname="com.lmsApi.testCases.TC003_PostRequestLMS" name="post_record" time="0.438"/>
  <testcase classname="com.lmsApi.testCases.TC003_PostRequestLMS" name="post_record" time="0.314"/>
  <testcase classname="com.lmsApi.testCases.TC003_PostRequestLMS" name="post_record" time="0.404"/>
  <testcase classname="com.lmsApi.testCases.TC003_PostRequestLMS" name="post_record" time="0.434"/>
  <testcase classname="com.lmsApi.testCases.TC003_PostRequestLMS" name="post_record" time="0.58"/>
  <testcase classname="com.lmsApi.testCases.TC003_PostRequestLMS" name="post_record" time="0.5"/>
  <testcase classname="com.lmsApi.testCases.TC003_PostRequestLMS" name="post_record" time="0.414"/>
  <testcase classname="com.lmsApi.testCases.TC003_PostRequestLMS" name="post_record" time="0.423"/>
  <testcase classname="com.lmsApi.testCases.TC004_PutRequestLMS" name="put_record" time="0.689"/>
  <testcase classname="com.lmsApi.testCases.TC004_PutRequestLMS" name="put_record" time="0.523"/>
  <testcase classname="com.lmsApi.testCases.TC004_PutRequestLMS" name="put_record" time="0.527"/>
  <testcase classname="com.lmsApi.testCases.TC004_PutRequestLMS" name="put_record" time="0.379"/>
  <testcase classname="com.lmsApi.testCases.TC004_PutRequestLMS" name="put_record" time="0.405"/>
  <testcase classname="com.lmsApi.testCases.TC004_PutRequestLMS" name="put_record" time="0.54"/>
  <testcase classname="com.lmsApi.testCases.TC004_PutRequestLMS" name="put_record" time="0.494"/>
  <testcase classname="com.lmsApi.testCases.TC004_PutRequestLMS" name="put_record" time="0.409"/>
  <testcase classname="com.lmsApi.testCases.TC004_PutRequestLMS" name="put_record" time="0.404"/>
  <testcase classname="com.lmsApi.testCases.TC004_PutRequestLMS" name="put_record" time="1.481"/>
  <testcase classname="com.lmsApi.testCases.TC005_DeleteRequestLMS" name="delete_record" time="0.699"/>
  <testcase classname="com.lmsApi.testCases.TC005_DeleteRequestLMS" name="delete_record" time="0.645"/>
  <testcase classname="com.lmsApi.testCases.TC005_DeleteRequestLMS" name="delete_record" time="0.693"/>
  <testcase classname="com.lmsApi.testCases.TC005_DeleteRequestLMS" name="delete_record" time="0.733"/>
</testsuite> <!-- Test -->
