<?xml version="1.0" encoding="UTF-8"?>
<testng-results ignored="0" total="38" passed="38" failed="0" skipped="0">
  <reporter-output>
  </reporter-output>
  <suite started-at="2022-02-22T15:13:39 EST" name="Suite" finished-at="2022-02-22T15:15:13 EST" duration-ms="94518">
    <groups>
    </groups>
    <test started-at="2022-02-22T15:13:39 EST" name="Test" finished-at="2022-02-22T15:15:13 EST" duration-ms="94518">
      <class name="com.lmsApi.testCases.TC005_DeleteRequestLMS">
        <test-method is-config="true" signature="setup()[pri:0, instance:com.lmsApi.testCases.TC005_DeleteRequestLMS@1fa268de]" started-at="2022-02-22T15:15:10 EST" name="setup" finished-at="2022-02-22T15:15:10 EST" duration-ms="26" status="PASS">
          <reporter-output>
          </reporter-output>
        </test-method> <!-- setup -->
        <test-method signature="delete_record(java.lang.String,java.lang.String)[pri:1, instance:com.lmsApi.testCases.TC005_DeleteRequestLMS@1fa268de]" started-at="2022-02-22T15:15:11 EST" name="delete_record" data-provider="Deleterequest" finished-at="2022-02-22T15:15:11 EST" duration-ms="699" status="PASS">
          <params>
            <param index="0">
              <value>
                <![CDATA[7605]]>
              </value>
            </param>
            <param index="1">
              <value>
                <![CDATA[200]]>
              </value>
            </param>
          </params>
          <reporter-output>
          </reporter-output>
        </test-method> <!-- delete_record -->
        <test-method signature="delete_record(java.lang.String,java.lang.String)[pri:1, instance:com.lmsApi.testCases.TC005_DeleteRequestLMS@1fa268de]" started-at="2022-02-22T15:15:11 EST" name="delete_record" data-provider="Deleterequest" finished-at="2022-02-22T15:15:12 EST" duration-ms="645" status="PASS">
          <params>
            <param index="0">
              <value>
                <![CDATA[7]]>
              </value>
            </param>
            <param index="1">
              <value>
                <![CDATA[500]]>
              </value>
            </param>
          </params>
          <reporter-output>
          </reporter-output>
        </test-method> <!-- delete_record -->
        <test-method signature="delete_record(java.lang.String,java.lang.String)[pri:1, instance:com.lmsApi.testCases.TC005_DeleteRequestLMS@1fa268de]" started-at="2022-02-22T15:15:12 EST" name="delete_record" data-provider="Deleterequest" finished-at="2022-02-22T15:15:13 EST" duration-ms="693" status="PASS">
          <params>
            <param index="0">
              <value>
                <![CDATA[]]>
              </value>
            </param>
            <param index="1">
              <value>
                <![CDATA[405]]>
              </value>
            </param>
          </params>
          <reporter-output>
          </reporter-output>
        </test-method> <!-- delete_record -->
        <test-method signature="delete_record(java.lang.String,java.lang.String)[pri:1, instance:com.lmsApi.testCases.TC005_DeleteRequestLMS@1fa268de]" started-at="2022-02-22T15:15:13 EST" name="delete_record" data-provider="Deleterequest" finished-at="2022-02-22T15:15:13 EST" duration-ms="733" status="PASS">
          <params>
            <param index="0">
              <value>
                <![CDATA[12g]]>
              </value>
            </param>
            <param index="1">
              <value>
                <![CDATA[400]]>
              </value>
            </param>
          </params>
          <reporter-output>
          </reporter-output>
        </test-method> <!-- delete_record -->
      </class> <!-- com.lmsApi.testCases.TC005_DeleteRequestLMS -->
      <class name="com.lmsApi.testCases.TC004_PutRequestLMS">
        <test-method is-config="true" signature="setup()[pri:0, instance:com.lmsApi.testCases.TC004_PutRequestLMS@359f7cdf]" started-at="2022-02-22T15:15:04 EST" name="setup" finished-at="2022-02-22T15:15:04 EST" duration-ms="1" status="PASS">
          <reporter-output>
          </reporter-output>
        </test-method> <!-- setup -->
        <test-method signature="put_record(java.lang.String,java.lang.String,java.lang.String,java.lang.String,java.lang.String)[pri:1, instance:com.lmsApi.testCases.TC004_PutRequestLMS@359f7cdf]" started-at="2022-02-22T15:15:04 EST" name="put_record" data-provider="PUTrequest" finished-at="2022-02-22T15:15:05 EST" duration-ms="689" status="PASS">
          <params>
            <param index="0">
              <value>
                <![CDATA[7433]]>
              </value>
            </param>
            <param index="1">
              <value>
                <![CDATA[SDET26]]>
              </value>
            </param>
            <param index="2">
              <value>
                <![CDATA[Automation]]>
              </value>
            </param>
            <param index="3">
              <value>
                <![CDATA[TRUE]]>
              </value>
            </param>
            <param index="4">
              <value>
                <![CDATA[200]]>
              </value>
            </param>
          </params>
          <reporter-output>
          </reporter-output>
        </test-method> <!-- put_record -->
        <test-method signature="put_record(java.lang.String,java.lang.String,java.lang.String,java.lang.String,java.lang.String)[pri:1, instance:com.lmsApi.testCases.TC004_PutRequestLMS@359f7cdf]" started-at="2022-02-22T15:15:05 EST" name="put_record" data-provider="PUTrequest" finished-at="2022-02-22T15:15:06 EST" duration-ms="523" status="PASS">
          <params>
            <param index="0">
              <value>
                <![CDATA[7433]]>
              </value>
            </param>
            <param index="1">
              <value>
                <![CDATA[SDET26]]>
              </value>
            </param>
            <param index="2">
              <value>
                <![CDATA[700]]>
              </value>
            </param>
            <param index="3">
              <value>
                <![CDATA[TRUE]]>
              </value>
            </param>
            <param index="4">
              <value>
                <![CDATA[200]]>
              </value>
            </param>
          </params>
          <reporter-output>
          </reporter-output>
        </test-method> <!-- put_record -->
        <test-method signature="put_record(java.lang.String,java.lang.String,java.lang.String,java.lang.String,java.lang.String)[pri:1, instance:com.lmsApi.testCases.TC004_PutRequestLMS@359f7cdf]" started-at="2022-02-22T15:15:06 EST" name="put_record" data-provider="PUTrequest" finished-at="2022-02-22T15:15:06 EST" duration-ms="527" status="PASS">
          <params>
            <param index="0">
              <value>
                <![CDATA[7433]]>
              </value>
            </param>
            <param index="1">
              <value>
                <![CDATA[2h78]]>
              </value>
            </param>
            <param index="2">
              <value>
                <![CDATA[70]]>
              </value>
            </param>
            <param index="3">
              <value>
                <![CDATA[TRUE]]>
              </value>
            </param>
            <param index="4">
              <value>
                <![CDATA[200]]>
              </value>
            </param>
          </params>
          <reporter-output>
          </reporter-output>
        </test-method> <!-- put_record -->
        <test-method signature="put_record(java.lang.String,java.lang.String,java.lang.String,java.lang.String,java.lang.String)[pri:1, instance:com.lmsApi.testCases.TC004_PutRequestLMS@359f7cdf]" started-at="2022-02-22T15:15:06 EST" name="put_record" data-provider="PUTrequest" finished-at="2022-02-22T15:15:07 EST" duration-ms="379" status="PASS">
          <params>
            <param index="0">
              <value>
                <![CDATA[]]>
              </value>
            </param>
            <param index="1">
              <value>
                <![CDATA[SDET26]]>
              </value>
            </param>
            <param index="2">
              <value>
                <![CDATA[Postman]]>
              </value>
            </param>
            <param index="3">
              <value>
                <![CDATA[TRUE]]>
              </value>
            </param>
            <param index="4">
              <value>
                <![CDATA[405]]>
              </value>
            </param>
          </params>
          <reporter-output>
          </reporter-output>
        </test-method> <!-- put_record -->
        <test-method signature="put_record(java.lang.String,java.lang.String,java.lang.String,java.lang.String,java.lang.String)[pri:1, instance:com.lmsApi.testCases.TC004_PutRequestLMS@359f7cdf]" started-at="2022-02-22T15:15:07 EST" name="put_record" data-provider="PUTrequest" finished-at="2022-02-22T15:15:07 EST" duration-ms="405" status="PASS">
          <params>
            <param index="0">
              <value>
                <![CDATA[12g]]>
              </value>
            </param>
            <param index="1">
              <value>
                <![CDATA[java]]>
              </value>
            </param>
            <param index="2">
              <value>
                <![CDATA[basics]]>
              </value>
            </param>
            <param index="3">
              <value>
                <![CDATA[FALSE]]>
              </value>
            </param>
            <param index="4">
              <value>
                <![CDATA[400]]>
              </value>
            </param>
          </params>
          <reporter-output>
          </reporter-output>
        </test-method> <!-- put_record -->
        <test-method signature="put_record(java.lang.String,java.lang.String,java.lang.String,java.lang.String,java.lang.String)[pri:1, instance:com.lmsApi.testCases.TC004_PutRequestLMS@359f7cdf]" started-at="2022-02-22T15:15:07 EST" name="put_record" data-provider="PUTrequest" finished-at="2022-02-22T15:15:08 EST" duration-ms="540" status="PASS">
          <params>
            <param index="0">
              <value>
                <![CDATA[null]]>
              </value>
            </param>
            <param index="1">
              <value>
                <![CDATA[null id]]>
              </value>
            </param>
            <param index="2">
              <value>
                <![CDATA[null id]]>
              </value>
            </param>
            <param index="3">
              <value>
                <![CDATA[FALSE]]>
              </value>
            </param>
            <param index="4">
              <value>
                <![CDATA[400]]>
              </value>
            </param>
          </params>
          <reporter-output>
          </reporter-output>
        </test-method> <!-- put_record -->
        <test-method signature="put_record(java.lang.String,java.lang.String,java.lang.String,java.lang.String,java.lang.String)[pri:1, instance:com.lmsApi.testCases.TC004_PutRequestLMS@359f7cdf]" started-at="2022-02-22T15:15:08 EST" name="put_record" data-provider="PUTrequest" finished-at="2022-02-22T15:15:08 EST" duration-ms="494" status="PASS">
          <params>
            <param index="0">
              <value>
                <![CDATA[7433]]>
              </value>
            </param>
            <param index="1">
              <value>
                <![CDATA[75g]]>
              </value>
            </param>
            <param index="2">
              <value>
                <![CDATA[num programname]]>
              </value>
            </param>
            <param index="3">
              <value>
                <![CDATA[TRUE]]>
              </value>
            </param>
            <param index="4">
              <value>
                <![CDATA[200]]>
              </value>
            </param>
          </params>
          <reporter-output>
          </reporter-output>
        </test-method> <!-- put_record -->
        <test-method signature="put_record(java.lang.String,java.lang.String,java.lang.String,java.lang.String,java.lang.String)[pri:1, instance:com.lmsApi.testCases.TC004_PutRequestLMS@359f7cdf]" started-at="2022-02-22T15:15:08 EST" name="put_record" data-provider="PUTrequest" finished-at="2022-02-22T15:15:09 EST" duration-ms="409" status="PASS">
          <params>
            <param index="0">
              <value>
                <![CDATA[7433]]>
              </value>
            </param>
            <param index="1">
              <value>
                <![CDATA[num prog desc]]>
              </value>
            </param>
            <param index="2">
              <value>
                <![CDATA[75g]]>
              </value>
            </param>
            <param index="3">
              <value>
                <![CDATA[TRUE]]>
              </value>
            </param>
            <param index="4">
              <value>
                <![CDATA[200]]>
              </value>
            </param>
          </params>
          <reporter-output>
          </reporter-output>
        </test-method> <!-- put_record -->
        <test-method signature="put_record(java.lang.String,java.lang.String,java.lang.String,java.lang.String,java.lang.String)[pri:1, instance:com.lmsApi.testCases.TC004_PutRequestLMS@359f7cdf]" started-at="2022-02-22T15:15:09 EST" name="put_record" data-provider="PUTrequest" finished-at="2022-02-22T15:15:09 EST" duration-ms="404" status="PASS">
          <params>
            <param index="0">
              <value>
                <![CDATA[7435]]>
              </value>
            </param>
            <param index="1">
              <value>
                <![CDATA[78&?]]>
              </value>
            </param>
            <param index="2">
              <value>
                <![CDATA[special char pgname]]>
              </value>
            </param>
            <param index="3">
              <value>
                <![CDATA[TRUE]]>
              </value>
            </param>
            <param index="4">
              <value>
                <![CDATA[200]]>
              </value>
            </param>
          </params>
          <reporter-output>
          </reporter-output>
        </test-method> <!-- put_record -->
        <test-method signature="put_record(java.lang.String,java.lang.String,java.lang.String,java.lang.String,java.lang.String)[pri:1, instance:com.lmsApi.testCases.TC004_PutRequestLMS@359f7cdf]" started-at="2022-02-22T15:15:09 EST" name="put_record" data-provider="PUTrequest" finished-at="2022-02-22T15:15:10 EST" duration-ms="1481" status="PASS">
          <params>
            <param index="0">
              <value>
                <![CDATA[7436]]>
              </value>
            </param>
            <param index="1">
              <value>
                <![CDATA[0.456]]>
              </value>
            </param>
            <param index="2">
              <value>
                <![CDATA[decimal pgname]]>
              </value>
            </param>
            <param index="3">
              <value>
                <![CDATA[TRUE]]>
              </value>
            </param>
            <param index="4">
              <value>
                <![CDATA[200]]>
              </value>
            </param>
          </params>
          <reporter-output>
          </reporter-output>
        </test-method> <!-- put_record -->
      </class> <!-- com.lmsApi.testCases.TC004_PutRequestLMS -->
      <class name="com.lmsApi.testCases.TC003_PostRequestLMS">
        <test-method is-config="true" signature="setup()[pri:0, instance:com.lmsApi.testCases.TC003_PostRequestLMS@4f18837a]" started-at="2022-02-22T15:14:52 EST" name="setup" finished-at="2022-02-22T15:14:52 EST" duration-ms="114" status="PASS">
          <reporter-output>
          </reporter-output>
        </test-method> <!-- setup -->
        <test-method signature="post_record(java.lang.String,java.lang.String,java.lang.String,java.lang.String,java.lang.String)[pri:1, instance:com.lmsApi.testCases.TC003_PostRequestLMS@4f18837a]" started-at="2022-02-22T15:14:56 EST" name="post_record" data-provider="POSTrequest" finished-at="2022-02-22T15:14:59 EST" duration-ms="2104" status="PASS">
          <params>
            <param index="0">
              <value>
                <![CDATA[]]>
              </value>
            </param>
            <param index="1">
              <value>
                <![CDATA[SDET28]]>
              </value>
            </param>
            <param index="2">
              <value>
                <![CDATA[Automation ]]>
              </value>
            </param>
            <param index="3">
              <value>
                <![CDATA[true]]>
              </value>
            </param>
            <param index="4">
              <value>
                <![CDATA[200]]>
              </value>
            </param>
          </params>
          <reporter-output>
          </reporter-output>
        </test-method> <!-- post_record -->
        <test-method signature="post_record(java.lang.String,java.lang.String,java.lang.String,java.lang.String,java.lang.String)[pri:1, instance:com.lmsApi.testCases.TC003_PostRequestLMS@4f18837a]" started-at="2022-02-22T15:14:59 EST" name="post_record" data-provider="POSTrequest" finished-at="2022-02-22T15:14:59 EST" duration-ms="661" status="PASS">
          <params>
            <param index="0">
              <value>
                <![CDATA[7906]]>
              </value>
            </param>
            <param index="1">
              <value>
                <![CDATA[Selenium]]>
              </value>
            </param>
            <param index="2">
              <value>
                <![CDATA[Selenium]]>
              </value>
            </param>
            <param index="3">
              <value>
                <![CDATA[true]]>
              </value>
            </param>
            <param index="4">
              <value>
                <![CDATA[200]]>
              </value>
            </param>
          </params>
          <reporter-output>
          </reporter-output>
        </test-method> <!-- post_record -->
        <test-method signature="post_record(java.lang.String,java.lang.String,java.lang.String,java.lang.String,java.lang.String)[pri:1, instance:com.lmsApi.testCases.TC003_PostRequestLMS@4f18837a]" started-at="2022-02-22T15:14:59 EST" name="post_record" data-provider="POSTrequest" finished-at="2022-02-22T15:15:00 EST" duration-ms="404" status="PASS">
          <params>
            <param index="0">
              <value>
                <![CDATA[0]]>
              </value>
            </param>
            <param index="1">
              <value>
                <![CDATA[Testing]]>
              </value>
            </param>
            <param index="2">
              <value>
                <![CDATA[Testing]]>
              </value>
            </param>
            <param index="3">
              <value>
                <![CDATA[true]]>
              </value>
            </param>
            <param index="4">
              <value>
                <![CDATA[200]]>
              </value>
            </param>
          </params>
          <reporter-output>
          </reporter-output>
        </test-method> <!-- post_record -->
        <test-method signature="post_record(java.lang.String,java.lang.String,java.lang.String,java.lang.String,java.lang.String)[pri:1, instance:com.lmsApi.testCases.TC003_PostRequestLMS@4f18837a]" started-at="2022-02-22T15:15:00 EST" name="post_record" data-provider="POSTrequest" finished-at="2022-02-22T15:15:00 EST" duration-ms="435" status="PASS">
          <params>
            <param index="0">
              <value>
                <![CDATA[]]>
              </value>
            </param>
            <param index="1">
              <value>
                <![CDATA[Testing]]>
              </value>
            </param>
            <param index="2">
              <value>
                <![CDATA[]]>
              </value>
            </param>
            <param index="3">
              <value>
                <![CDATA[true]]>
              </value>
            </param>
            <param index="4">
              <value>
                <![CDATA[200]]>
              </value>
            </param>
          </params>
          <reporter-output>
          </reporter-output>
        </test-method> <!-- post_record -->
        <test-method signature="post_record(java.lang.String,java.lang.String,java.lang.String,java.lang.String,java.lang.String)[pri:1, instance:com.lmsApi.testCases.TC003_PostRequestLMS@4f18837a]" started-at="2022-02-22T15:15:00 EST" name="post_record" data-provider="POSTrequest" finished-at="2022-02-22T15:15:01 EST" duration-ms="537" status="PASS">
          <params>
            <param index="0">
              <value>
                <![CDATA[]]>
              </value>
            </param>
            <param index="1">
              <value>
                <![CDATA[SQL]]>
              </value>
            </param>
            <param index="2">
              <value>
                <![CDATA[SQL]]>
              </value>
            </param>
            <param index="3">
              <value>
                <![CDATA[false]]>
              </value>
            </param>
            <param index="4">
              <value>
                <![CDATA[200]]>
              </value>
            </param>
          </params>
          <reporter-output>
          </reporter-output>
        </test-method> <!-- post_record -->
        <test-method signature="post_record(java.lang.String,java.lang.String,java.lang.String,java.lang.String,java.lang.String)[pri:1, instance:com.lmsApi.testCases.TC003_PostRequestLMS@4f18837a]" started-at="2022-02-22T15:15:01 EST" name="post_record" data-provider="POSTrequest" finished-at="2022-02-22T15:15:01 EST" duration-ms="438" status="PASS">
          <params>
            <param index="0">
              <value>
                <![CDATA[null]]>
              </value>
            </param>
            <param index="1">
              <value>
                <![CDATA[Testing]]>
              </value>
            </param>
            <param index="2">
              <value>
                <![CDATA[Testing]]>
              </value>
            </param>
            <param index="3">
              <value>
                <![CDATA[false]]>
              </value>
            </param>
            <param index="4">
              <value>
                <![CDATA[200]]>
              </value>
            </param>
          </params>
          <reporter-output>
          </reporter-output>
        </test-method> <!-- post_record -->
        <test-method signature="post_record(java.lang.String,java.lang.String,java.lang.String,java.lang.String,java.lang.String)[pri:1, instance:com.lmsApi.testCases.TC003_PostRequestLMS@4f18837a]" started-at="2022-02-22T15:15:01 EST" name="post_record" data-provider="POSTrequest" finished-at="2022-02-22T15:15:01 EST" duration-ms="314" status="PASS">
          <params>
            <param index="0">
              <value>
                <![CDATA[12g]]>
              </value>
            </param>
            <param index="1">
              <value>
                <![CDATA[Testing]]>
              </value>
            </param>
            <param index="2">
              <value>
                <![CDATA[Testing]]>
              </value>
            </param>
            <param index="3">
              <value>
                <![CDATA[false]]>
              </value>
            </param>
            <param index="4">
              <value>
                <![CDATA[400]]>
              </value>
            </param>
          </params>
          <reporter-output>
          </reporter-output>
        </test-method> <!-- post_record -->
        <test-method signature="post_record(java.lang.String,java.lang.String,java.lang.String,java.lang.String,java.lang.String)[pri:1, instance:com.lmsApi.testCases.TC003_PostRequestLMS@4f18837a]" started-at="2022-02-22T15:15:01 EST" name="post_record" data-provider="POSTrequest" finished-at="2022-02-22T15:15:02 EST" duration-ms="404" status="PASS">
          <params>
            <param index="0">
              <value>
                <![CDATA[23455653562727272729090909]]>
              </value>
            </param>
            <param index="1">
              <value>
                <![CDATA[SQL]]>
              </value>
            </param>
            <param index="2">
              <value>
                <![CDATA[SQL]]>
              </value>
            </param>
            <param index="3">
              <value>
                <![CDATA[false]]>
              </value>
            </param>
            <param index="4">
              <value>
                <![CDATA[400]]>
              </value>
            </param>
          </params>
          <reporter-output>
          </reporter-output>
        </test-method> <!-- post_record -->
        <test-method signature="post_record(java.lang.String,java.lang.String,java.lang.String,java.lang.String,java.lang.String)[pri:1, instance:com.lmsApi.testCases.TC003_PostRequestLMS@4f18837a]" started-at="2022-02-22T15:15:02 EST" name="post_record" data-provider="POSTrequest" finished-at="2022-02-22T15:15:02 EST" duration-ms="434" status="PASS">
          <params>
            <param index="0">
              <value>
                <![CDATA[]]>
              </value>
            </param>
            <param index="1">
              <value>
                <![CDATA[]]>
              </value>
            </param>
            <param index="2">
              <value>
                <![CDATA[Testing]]>
              </value>
            </param>
            <param index="3">
              <value>
                <![CDATA[false]]>
              </value>
            </param>
            <param index="4">
              <value>
                <![CDATA[500]]>
              </value>
            </param>
          </params>
          <reporter-output>
          </reporter-output>
        </test-method> <!-- post_record -->
        <test-method signature="post_record(java.lang.String,java.lang.String,java.lang.String,java.lang.String,java.lang.String)[pri:1, instance:com.lmsApi.testCases.TC003_PostRequestLMS@4f18837a]" started-at="2022-02-22T15:15:02 EST" name="post_record" data-provider="POSTrequest" finished-at="2022-02-22T15:15:03 EST" duration-ms="580" status="PASS">
          <params>
            <param index="0">
              <value>
                <![CDATA[]]>
              </value>
            </param>
            <param index="1">
              <value>
                <![CDATA[1234]]>
              </value>
            </param>
            <param index="2">
              <value>
                <![CDATA[Testing]]>
              </value>
            </param>
            <param index="3">
              <value>
                <![CDATA[False]]>
              </value>
            </param>
            <param index="4">
              <value>
                <![CDATA[200]]>
              </value>
            </param>
          </params>
          <reporter-output>
          </reporter-output>
        </test-method> <!-- post_record -->
        <test-method signature="post_record(java.lang.String,java.lang.String,java.lang.String,java.lang.String,java.lang.String)[pri:1, instance:com.lmsApi.testCases.TC003_PostRequestLMS@4f18837a]" started-at="2022-02-22T15:15:03 EST" name="post_record" data-provider="POSTrequest" finished-at="2022-02-22T15:15:03 EST" duration-ms="500" status="PASS">
          <params>
            <param index="0">
              <value>
                <![CDATA[7906]]>
              </value>
            </param>
            <param index="1">
              <value>
                <![CDATA[Python]]>
              </value>
            </param>
            <param index="2">
              <value>
                <![CDATA[Automation ]]>
              </value>
            </param>
            <param index="3">
              <value>
                <![CDATA[True]]>
              </value>
            </param>
            <param index="4">
              <value>
                <![CDATA[200]]>
              </value>
            </param>
          </params>
          <reporter-output>
          </reporter-output>
        </test-method> <!-- post_record -->
        <test-method signature="post_record(java.lang.String,java.lang.String,java.lang.String,java.lang.String,java.lang.String)[pri:1, instance:com.lmsApi.testCases.TC003_PostRequestLMS@4f18837a]" started-at="2022-02-22T15:15:03 EST" name="post_record" data-provider="POSTrequest" finished-at="2022-02-22T15:15:04 EST" duration-ms="414" status="PASS">
          <params>
            <param index="0">
              <value>
                <![CDATA[]]>
              </value>
            </param>
            <param index="1">
              <value>
                <![CDATA[DS Algo]]>
              </value>
            </param>
            <param index="2">
              <value>
                <![CDATA[]]>
              </value>
            </param>
            <param index="3">
              <value>
                <![CDATA[True]]>
              </value>
            </param>
            <param index="4">
              <value>
                <![CDATA[200]]>
              </value>
            </param>
          </params>
          <reporter-output>
          </reporter-output>
        </test-method> <!-- post_record -->
        <test-method signature="post_record(java.lang.String,java.lang.String,java.lang.String,java.lang.String,java.lang.String)[pri:1, instance:com.lmsApi.testCases.TC003_PostRequestLMS@4f18837a]" started-at="2022-02-22T15:15:04 EST" name="post_record" data-provider="POSTrequest" finished-at="2022-02-22T15:15:04 EST" duration-ms="423" status="PASS">
          <params>
            <param index="0">
              <value>
                <![CDATA[]]>
              </value>
            </param>
            <param index="1">
              <value>
                <![CDATA[SDET29]]>
              </value>
            </param>
            <param index="2">
              <value>
                <![CDATA[Testing]]>
              </value>
            </param>
            <param index="3">
              <value>
                <![CDATA[True]]>
              </value>
            </param>
            <param index="4">
              <value>
                <![CDATA[200]]>
              </value>
            </param>
          </params>
          <reporter-output>
          </reporter-output>
        </test-method> <!-- post_record -->
      </class> <!-- com.lmsApi.testCases.TC003_PostRequestLMS -->
      <class name="com.lmsApi.testCases.TC001_LoginValidations">
        <test-method signature="defaultAuthorization()[pri:1, instance:com.lmsApi.testCases.TC001_LoginValidations@55b7a4e0]" started-at="2022-02-22T15:13:39 EST" name="defaultAuthorization" finished-at="2022-02-22T15:14:13 EST" duration-ms="33817" status="PASS">
          <reporter-output>
          </reporter-output>
        </test-method> <!-- defaultAuthorization -->
        <test-method signature="basic_authorization(java.lang.String,java.lang.String,java.lang.String)[pri:2, instance:com.lmsApi.testCases.TC001_LoginValidations@55b7a4e0]" started-at="2022-02-22T15:14:27 EST" name="basic_authorization" data-provider="AuthCredentials" finished-at="2022-02-22T15:14:30 EST" duration-ms="3311" status="PASS">
          <params>
            <param index="0">
              <value>
                <![CDATA[admin]]>
              </value>
            </param>
            <param index="1">
              <value>
                <![CDATA[password]]>
              </value>
            </param>
            <param index="2">
              <value>
                <![CDATA[200]]>
              </value>
            </param>
          </params>
          <reporter-output>
          </reporter-output>
        </test-method> <!-- basic_authorization -->
        <test-method signature="basic_authorization(java.lang.String,java.lang.String,java.lang.String)[pri:2, instance:com.lmsApi.testCases.TC001_LoginValidations@55b7a4e0]" started-at="2022-02-22T15:14:30 EST" name="basic_authorization" data-provider="AuthCredentials" finished-at="2022-02-22T15:14:30 EST" duration-ms="454" status="PASS">
          <params>
            <param index="0">
              <value>
                <![CDATA[admin1]]>
              </value>
            </param>
            <param index="1">
              <value>
                <![CDATA[password]]>
              </value>
            </param>
            <param index="2">
              <value>
                <![CDATA[401]]>
              </value>
            </param>
          </params>
          <reporter-output>
          </reporter-output>
        </test-method> <!-- basic_authorization -->
        <test-method signature="basic_authorization(java.lang.String,java.lang.String,java.lang.String)[pri:2, instance:com.lmsApi.testCases.TC001_LoginValidations@55b7a4e0]" started-at="2022-02-22T15:14:30 EST" name="basic_authorization" data-provider="AuthCredentials" finished-at="2022-02-22T15:14:31 EST" duration-ms="312" status="PASS">
          <params>
            <param index="0">
              <value>
                <![CDATA[admin]]>
              </value>
            </param>
            <param index="1">
              <value>
                <![CDATA[password12]]>
              </value>
            </param>
            <param index="2">
              <value>
                <![CDATA[401]]>
              </value>
            </param>
          </params>
          <reporter-output>
          </reporter-output>
        </test-method> <!-- basic_authorization -->
        <test-method signature="basic_authorization(java.lang.String,java.lang.String,java.lang.String)[pri:2, instance:com.lmsApi.testCases.TC001_LoginValidations@55b7a4e0]" started-at="2022-02-22T15:14:31 EST" name="basic_authorization" data-provider="AuthCredentials" finished-at="2022-02-22T15:14:31 EST" duration-ms="309" status="PASS">
          <params>
            <param index="0">
              <value>
                <![CDATA[admin23]]>
              </value>
            </param>
            <param index="1">
              <value>
                <![CDATA[password23]]>
              </value>
            </param>
            <param index="2">
              <value>
                <![CDATA[401]]>
              </value>
            </param>
          </params>
          <reporter-output>
          </reporter-output>
        </test-method> <!-- basic_authorization -->
        <test-method signature="InvalidURL()[pri:3, instance:com.lmsApi.testCases.TC001_LoginValidations@55b7a4e0]" started-at="2022-02-22T15:14:31 EST" name="InvalidURL" finished-at="2022-02-22T15:14:32 EST" duration-ms="730" status="PASS">
          <reporter-output>
          </reporter-output>
        </test-method> <!-- InvalidURL -->
      </class> <!-- com.lmsApi.testCases.TC001_LoginValidations -->
      <class name="com.lmsApi.testCases.TC002_GetRequestLMS">
        <test-method is-config="true" signature="setup()[pri:0, instance:com.lmsApi.testCases.TC002_GetRequestLMS@6356695f]" started-at="2022-02-22T15:14:32 EST" name="setup" finished-at="2022-02-22T15:14:32 EST" duration-ms="71" status="PASS">
          <reporter-output>
          </reporter-output>
        </test-method> <!-- setup -->
        <test-method signature="get_AllPrograms()[pri:0, instance:com.lmsApi.testCases.TC002_GetRequestLMS@6356695f]" started-at="2022-02-22T15:14:32 EST" name="get_AllPrograms" finished-at="2022-02-22T15:14:33 EST" duration-ms="1642" status="PASS">
          <reporter-output>
          </reporter-output>
        </test-method> <!-- get_AllPrograms -->
        <test-method signature="get_ProgramID(java.lang.String,java.lang.String)[pri:1, instance:com.lmsApi.testCases.TC002_GetRequestLMS@6356695f]" started-at="2022-02-22T15:14:34 EST" name="get_ProgramID" data-provider="ProgramID" finished-at="2022-02-22T15:14:42 EST" duration-ms="8561" status="PASS">
          <params>
            <param index="0">
              <value>
                <![CDATA[7575]]>
              </value>
            </param>
            <param index="1">
              <value>
                <![CDATA[200]]>
              </value>
            </param>
          </params>
          <reporter-output>
          </reporter-output>
        </test-method> <!-- get_ProgramID -->
        <test-method signature="get_ProgramID(java.lang.String,java.lang.String)[pri:1, instance:com.lmsApi.testCases.TC002_GetRequestLMS@6356695f]" started-at="2022-02-22T15:14:42 EST" name="get_ProgramID" data-provider="ProgramID" finished-at="2022-02-22T15:14:46 EST" duration-ms="3889" status="PASS">
          <params>
            <param index="0">
              <value>
                <![CDATA[2]]>
              </value>
            </param>
            <param index="1">
              <value>
                <![CDATA[200]]>
              </value>
            </param>
          </params>
          <reporter-output>
          </reporter-output>
        </test-method> <!-- get_ProgramID -->
        <test-method signature="get_ProgramID(java.lang.String,java.lang.String)[pri:1, instance:com.lmsApi.testCases.TC002_GetRequestLMS@6356695f]" started-at="2022-02-22T15:14:46 EST" name="get_ProgramID" data-provider="ProgramID" finished-at="2022-02-22T15:14:47 EST" duration-ms="456" status="PASS">
          <params>
            <param index="0">
              <value>
                <![CDATA[12g]]>
              </value>
            </param>
            <param index="1">
              <value>
                <![CDATA[400]]>
              </value>
            </param>
          </params>
          <reporter-output>
          </reporter-output>
        </test-method> <!-- get_ProgramID -->
        <test-method signature="get_ProgramID(java.lang.String,java.lang.String)[pri:1, instance:com.lmsApi.testCases.TC002_GetRequestLMS@6356695f]" started-at="2022-02-22T15:14:47 EST" name="get_ProgramID" data-provider="ProgramID" finished-at="2022-02-22T15:14:51 EST" duration-ms="4532" status="PASS">
          <params>
            <param index="0">
              <value>
                <![CDATA[0]]>
              </value>
            </param>
            <param index="1">
              <value>
                <![CDATA[200]]>
              </value>
            </param>
          </params>
          <reporter-output>
          </reporter-output>
        </test-method> <!-- get_ProgramID -->
      </class> <!-- com.lmsApi.testCases.TC002_GetRequestLMS -->
    </test> <!-- Test -->
  </suite> <!-- Suite -->
</testng-results>
